<?xml version="1.0" encoding="UTF-8"?>
<!-- Generated by org.testng.reporters.JUnitReportReporter -->
<testsuite hostname="LAPTOP-LVMPKGTC" failures="0" tests="2" name="takesScreenshotDynamic.ActiTimeTestNgLogin" time="10.525" errors="0" timestamp="2023-02-03T23:24:17 IST" skipped="0">
  <testcase classname="takesScreenshotDynamic.ActiTimeTestNgLogin" name="loginPage" time="4.150"/>
  <system-out>
    <![CDATA[The name of loginPage is Failed]]>
  </system-out>
  <testcase classname="takesScreenshotDynamic.ActiTimeTestNgLogin" name="homePage" time="6.375"/>
  <system-out>
    <![CDATA[The name of homePage is Failed]]>
  </system-out>
</testsuite> <!-- takesScreenshotDynamic.ActiTimeTestNgLogin -->
